/Users/macbookpro16/Documents/IIT/Semesters/Semester 4/CM2603 - Data Science Group Project/Project/AlgoBot/DSGP/AlgoBot/venv/bin/python: can't open file '/Users/macbookpro16/Documents/IIT/Semesters/Semester 4/CM2603 - Data Science Group Project/Project/AlgoBot/DSGP/AlgoBot/app.py': [Errno 2] No such file or directory
/Users/macbookpro16/Documents/IIT/Semesters/Semester 4/CM2603 - Data Science Group Project/Project/AlgoBot/DSGP/AlgoBot/.venv/lib/python3.10/site-packages/rasa/core/tracker_store.py:1044: MovedIn20Warning: Deprecated API features detected! These feature(s) are not compatible with SQLAlchemy 2.0. To prevent incompatible upgrades prior to updating applications, ensure requirements files are pinned to "sqlalchemy<2.0". Set environment variable SQLALCHEMY_WARN_20=1 to show all deprecation warnings.  Set environment variable SQLALCHEMY_SILENCE_UBER_WARNING=1 to silence this message. (Background on SQLAlchemy 2.0 at: https://sqlalche.me/e/b8d9)
  Base: DeclarativeMeta = declarative_base()
/Users/macbookpro16/Documents/IIT/Semesters/Semester 4/CM2603 - Data Science Group Project/Project/AlgoBot/DSGP/AlgoBot/.venv/lib/python3.10/site-packages/rasa/core/tracker_store.py:1044: MovedIn20Warning: Deprecated API features detected! These feature(s) are not compatible with SQLAlchemy 2.0. To prevent incompatible upgrades prior to updating applications, ensure requirements files are pinned to "sqlalchemy<2.0". Set environment variable SQLALCHEMY_WARN_20=1 to show all deprecation warnings.  Set environment variable SQLALCHEMY_SILENCE_UBER_WARNING=1 to silence this message. (Background on SQLAlchemy 2.0 at: https://sqlalche.me/e/b8d9)
  Base: DeclarativeMeta = declarative_base()
/Users/macbookpro16/Documents/IIT/Semesters/Semester 4/CM2603 - Data Science Group Project/Project/AlgoBot/DSGP/AlgoBot/.venv/lib/python3.10/site-packages/rasa/shared/utils/validation.py:134: DeprecationWarning: pkg_resources is deprecated as an API. See https://setuptools.pypa.io/en/latest/pkg_resources.html
  import pkg_resources
/Users/macbookpro16/Documents/IIT/Semesters/Semester 4/CM2603 - Data Science Group Project/Project/AlgoBot/DSGP/AlgoBot/.venv/lib/python3.10/site-packages/rasa/shared/utils/validation.py:134: DeprecationWarning: pkg_resources is deprecated as an API. See https://setuptools.pypa.io/en/latest/pkg_resources.html
  import pkg_resources
/Users/macbookpro16/Documents/IIT/Semesters/Semester 4/CM2603 - Data Science Group Project/Project/AlgoBot/DSGP/AlgoBot/.venv/lib/python3.10/site-packages/pkg_resources/__init__.py:3117: DeprecationWarning: Deprecated call to `pkg_resources.declare_namespace('mpl_toolkits')`.
Implementing implicit namespace packages (as specified in PEP 420) is preferred to `pkg_resources.declare_namespace`. See https://setuptools.pypa.io/en/latest/references/keywords.html#keyword-namespace-packages
  declare_namespace(pkg)
/Users/macbookpro16/Documents/IIT/Semesters/Semester 4/CM2603 - Data Science Group Project/Project/AlgoBot/DSGP/AlgoBot/.venv/lib/python3.10/site-packages/pkg_resources/__init__.py:3117: DeprecationWarning: Deprecated call to `pkg_resources.declare_namespace('mpl_toolkits')`.
Implementing implicit namespace packages (as specified in PEP 420) is preferred to `pkg_resources.declare_namespace`. See https://setuptools.pypa.io/en/latest/references/keywords.html#keyword-namespace-packages
  declare_namespace(pkg)
/Users/macbookpro16/Documents/IIT/Semesters/Semester 4/CM2603 - Data Science Group Project/Project/AlgoBot/DSGP/AlgoBot/.venv/lib/python3.10/site-packages/pkg_resources/__init__.py:3117: DeprecationWarning: Deprecated call to `pkg_resources.declare_namespace('ruamel')`.
Implementing implicit namespace packages (as specified in PEP 420) is preferred to `pkg_resources.declare_namespace`. See https://setuptools.pypa.io/en/latest/references/keywords.html#keyword-namespace-packages
  declare_namespace(pkg)
/Users/macbookpro16/Documents/IIT/Semesters/Semester 4/CM2603 - Data Science Group Project/Project/AlgoBot/DSGP/AlgoBot/.venv/lib/python3.10/site-packages/pkg_resources/__init__.py:3117: DeprecationWarning: Deprecated call to `pkg_resources.declare_namespace('ruamel')`.
Implementing implicit namespace packages (as specified in PEP 420) is preferred to `pkg_resources.declare_namespace`. See https://setuptools.pypa.io/en/latest/references/keywords.html#keyword-namespace-packages
  declare_namespace(pkg)
/Users/macbookpro16/Documents/IIT/Semesters/Semester 4/CM2603 - Data Science Group Project/Project/AlgoBot/DSGP/AlgoBot/.venv/lib/python3.10/site-packages/sanic_cors/extension.py:39: DeprecationWarning: distutils Version classes are deprecated. Use packaging.version instead.
  SANIC_VERSION = LooseVersion(sanic_version)
/Users/macbookpro16/Documents/IIT/Semesters/Semester 4/CM2603 - Data Science Group Project/Project/AlgoBot/DSGP/AlgoBot/.venv/lib/python3.10/site-packages/sanic_cors/extension.py:39: DeprecationWarning: distutils Version classes are deprecated. Use packaging.version instead.
  SANIC_VERSION = LooseVersion(sanic_version)
2025-03-03 16:20:58 INFO     rasa_sdk.endpoint  - Starting action endpoint server...
/Users/macbookpro16/Documents/IIT/Semesters/Semester 4/CM2603 - Data Science Group Project/Project/AlgoBot/DSGP/AlgoBot/.venv/lib/python3.10/site-packages/tensorflow/lite/python/util.py:52: DeprecationWarning: jax.xla_computation is deprecated. Please use the AOT APIs.
  from jax import xla_computation as _xla_computation
2025-03-03 16:21:12 INFO     root  - Starting Rasa server on http://0.0.0.0:5005
2025-03-03 16:21:12 INFO     rasa.core.processor  - Loading model models/20250222-223419-warm-artifact.tar.gz...
/Users/macbookpro16/Documents/IIT/Semesters/Semester 4/CM2603 - Data Science Group Project/Project/AlgoBot/DSGP/AlgoBot/.venv/lib/python3.10/site-packages/tensorflow/lite/python/util.py:52: DeprecationWarning: jax.xla_computation is deprecated. Please use the AOT APIs.
  from jax import xla_computation as _xla_computation
2025-03-03 16:21:14 INFO     sentence_transformers.SentenceTransformer  - Use pytorch device_name: mps
2025-03-03 16:21:14 INFO     sentence_transformers.SentenceTransformer  - Load pretrained SentenceTransformer: sentence-transformers/all-MiniLM-L6-v2
2025-03-03 16:21:19 INFO     rasa_sdk.executor  - Registered function for 'action_get_plant_info'.
2025-03-03 16:21:19 INFO     rasa_sdk.executor  - Registered function for 'action_get_planting_techniques'.
2025-03-03 16:21:19 INFO     rasa_sdk.endpoint  - Starting plugins...
2025-03-03 16:21:19 INFO     rasa_sdk.endpoint  - Action endpoint is up and running on http://0.0.0.0:5055
[93m/Users/macbookpro16/Documents/IIT/Semesters/Semester 4/CM2603 - Data Science Group Project/Project/AlgoBot/DSGP/AlgoBot/.venv/lib/python3.10/site-packages/rasa/utils/train_utils.py:530: UserWarning: constrain_similarities is set to `False`. It is recommended to set it to `True` when using cross-entropy loss.
  rasa.shared.utils.io.raise_warning(
[0m2025-03-03 16:22:10 WARNING  rasa.shared.utils.common  - The UnexpecTED Intent Policy is currently experimental and might change or be removed in the future 🔬 Please share your feedback on it in the forum (https://forum.rasa.com) to help us make this feature ready for production.
2025-03-03 16:22:23 INFO     root  - Rasa server is up and running.
/Users/macbookpro16/Documents/IIT/Semesters/Semester 4/CM2603 - Data Science Group Project/Project/AlgoBot/DSGP/AlgoBot/venv/bin/python: can't open file '/Users/macbookpro16/Documents/IIT/Semesters/Semester 4/CM2603 - Data Science Group Project/Project/AlgoBot/DSGP/AlgoBot/app.py': [Errno 2] No such file or directory
/Users/macbookpro16/Documents/IIT/Semesters/Semester 4/CM2603 - Data Science Group Project/Project/AlgoBot/DSGP/AlgoBot/.venv/lib/python3.10/site-packages/rasa/core/tracker_store.py:1044: MovedIn20Warning: Deprecated API features detected! These feature(s) are not compatible with SQLAlchemy 2.0. To prevent incompatible upgrades prior to updating applications, ensure requirements files are pinned to "sqlalchemy<2.0". Set environment variable SQLALCHEMY_WARN_20=1 to show all deprecation warnings.  Set environment variable SQLALCHEMY_SILENCE_UBER_WARNING=1 to silence this message. (Background on SQLAlchemy 2.0 at: https://sqlalche.me/e/b8d9)
  Base: DeclarativeMeta = declarative_base()
/Users/macbookpro16/Documents/IIT/Semesters/Semester 4/CM2603 - Data Science Group Project/Project/AlgoBot/DSGP/AlgoBot/.venv/lib/python3.10/site-packages/rasa/core/tracker_store.py:1044: MovedIn20Warning: Deprecated API features detected! These feature(s) are not compatible with SQLAlchemy 2.0. To prevent incompatible upgrades prior to updating applications, ensure requirements files are pinned to "sqlalchemy<2.0". Set environment variable SQLALCHEMY_WARN_20=1 to show all deprecation warnings.  Set environment variable SQLALCHEMY_SILENCE_UBER_WARNING=1 to silence this message. (Background on SQLAlchemy 2.0 at: https://sqlalche.me/e/b8d9)
  Base: DeclarativeMeta = declarative_base()
/Users/macbookpro16/Documents/IIT/Semesters/Semester 4/CM2603 - Data Science Group Project/Project/AlgoBot/DSGP/AlgoBot/.venv/lib/python3.10/site-packages/rasa/shared/utils/validation.py:134: DeprecationWarning: pkg_resources is deprecated as an API. See https://setuptools.pypa.io/en/latest/pkg_resources.html
  import pkg_resources
/Users/macbookpro16/Documents/IIT/Semesters/Semester 4/CM2603 - Data Science Group Project/Project/AlgoBot/DSGP/AlgoBot/.venv/lib/python3.10/site-packages/rasa/shared/utils/validation.py:134: DeprecationWarning: pkg_resources is deprecated as an API. See https://setuptools.pypa.io/en/latest/pkg_resources.html
  import pkg_resources
/Users/macbookpro16/Documents/IIT/Semesters/Semester 4/CM2603 - Data Science Group Project/Project/AlgoBot/DSGP/AlgoBot/.venv/lib/python3.10/site-packages/pkg_resources/__init__.py:3117: DeprecationWarning: Deprecated call to `pkg_resources.declare_namespace('mpl_toolkits')`.
Implementing implicit namespace packages (as specified in PEP 420) is preferred to `pkg_resources.declare_namespace`. See https://setuptools.pypa.io/en/latest/references/keywords.html#keyword-namespace-packages
  declare_namespace(pkg)
/Users/macbookpro16/Documents/IIT/Semesters/Semester 4/CM2603 - Data Science Group Project/Project/AlgoBot/DSGP/AlgoBot/.venv/lib/python3.10/site-packages/pkg_resources/__init__.py:3117: DeprecationWarning: Deprecated call to `pkg_resources.declare_namespace('mpl_toolkits')`.
Implementing implicit namespace packages (as specified in PEP 420) is preferred to `pkg_resources.declare_namespace`. See https://setuptools.pypa.io/en/latest/references/keywords.html#keyword-namespace-packages
  declare_namespace(pkg)
/Users/macbookpro16/Documents/IIT/Semesters/Semester 4/CM2603 - Data Science Group Project/Project/AlgoBot/DSGP/AlgoBot/.venv/lib/python3.10/site-packages/pkg_resources/__init__.py:3117: DeprecationWarning: Deprecated call to `pkg_resources.declare_namespace('ruamel')`.
Implementing implicit namespace packages (as specified in PEP 420) is preferred to `pkg_resources.declare_namespace`. See https://setuptools.pypa.io/en/latest/references/keywords.html#keyword-namespace-packages
  declare_namespace(pkg)
/Users/macbookpro16/Documents/IIT/Semesters/Semester 4/CM2603 - Data Science Group Project/Project/AlgoBot/DSGP/AlgoBot/.venv/lib/python3.10/site-packages/pkg_resources/__init__.py:3117: DeprecationWarning: Deprecated call to `pkg_resources.declare_namespace('ruamel')`.
Implementing implicit namespace packages (as specified in PEP 420) is preferred to `pkg_resources.declare_namespace`. See https://setuptools.pypa.io/en/latest/references/keywords.html#keyword-namespace-packages
  declare_namespace(pkg)
/Users/macbookpro16/Documents/IIT/Semesters/Semester 4/CM2603 - Data Science Group Project/Project/AlgoBot/DSGP/AlgoBot/.venv/lib/python3.10/site-packages/sanic_cors/extension.py:39: DeprecationWarning: distutils Version classes are deprecated. Use packaging.version instead.
  SANIC_VERSION = LooseVersion(sanic_version)
/Users/macbookpro16/Documents/IIT/Semesters/Semester 4/CM2603 - Data Science Group Project/Project/AlgoBot/DSGP/AlgoBot/.venv/lib/python3.10/site-packages/sanic_cors/extension.py:39: DeprecationWarning: distutils Version classes are deprecated. Use packaging.version instead.
  SANIC_VERSION = LooseVersion(sanic_version)
2025-03-03 16:30:01 INFO     rasa_sdk.endpoint  - Starting action endpoint server...
/Users/macbookpro16/Documents/IIT/Semesters/Semester 4/CM2603 - Data Science Group Project/Project/AlgoBot/DSGP/AlgoBot/.venv/lib/python3.10/site-packages/tensorflow/lite/python/util.py:52: DeprecationWarning: jax.xla_computation is deprecated. Please use the AOT APIs.
  from jax import xla_computation as _xla_computation
2025-03-03 16:30:13 INFO     root  - Starting Rasa server on http://0.0.0.0:5005
2025-03-03 16:30:13 INFO     rasa.core.processor  - Loading model models/20250222-223419-warm-artifact.tar.gz...
/Users/macbookpro16/Documents/IIT/Semesters/Semester 4/CM2603 - Data Science Group Project/Project/AlgoBot/DSGP/AlgoBot/.venv/lib/python3.10/site-packages/tensorflow/lite/python/util.py:52: DeprecationWarning: jax.xla_computation is deprecated. Please use the AOT APIs.
  from jax import xla_computation as _xla_computation
2025-03-03 16:30:17 INFO     sentence_transformers.SentenceTransformer  - Use pytorch device_name: mps
2025-03-03 16:30:17 INFO     sentence_transformers.SentenceTransformer  - Load pretrained SentenceTransformer: sentence-transformers/all-MiniLM-L6-v2
2025-03-03 16:30:22 INFO     rasa_sdk.executor  - Registered function for 'action_get_plant_info'.
2025-03-03 16:30:22 INFO     rasa_sdk.executor  - Registered function for 'action_get_planting_techniques'.
2025-03-03 16:30:22 INFO     rasa_sdk.endpoint  - Starting plugins...
2025-03-03 16:30:22 INFO     rasa_sdk.endpoint  - Action endpoint is up and running on http://0.0.0.0:5055
Unable to start server
Traceback (most recent call last):
  File "/Users/macbookpro16/Documents/IIT/Semesters/Semester 4/CM2603 - Data Science Group Project/Project/AlgoBot/DSGP/AlgoBot/.venv/lib/python3.10/site-packages/sanic/server/runners.py", line 133, in serve
    http_server = loop.run_until_complete(server_coroutine)
  File "uvloop/loop.pyx", line 1518, in uvloop.loop.Loop.run_until_complete
  File "uvloop/loop.pyx", line 1794, in create_server
OSError: [Errno 48] error while attempting to bind on address ('0.0.0.0', 5055): address already in use
[93m/Users/macbookpro16/Documents/IIT/Semesters/Semester 4/CM2603 - Data Science Group Project/Project/AlgoBot/DSGP/AlgoBot/.venv/lib/python3.10/site-packages/rasa/utils/train_utils.py:530: UserWarning: constrain_similarities is set to `False`. It is recommended to set it to `True` when using cross-entropy loss.
  rasa.shared.utils.io.raise_warning(
[0m2025-03-03 16:31:13 WARNING  rasa.shared.utils.common  - The UnexpecTED Intent Policy is currently experimental and might change or be removed in the future 🔬 Please share your feedback on it in the forum (https://forum.rasa.com) to help us make this feature ready for production.
2025-03-03 16:31:26 INFO     root  - Rasa server is up and running.
[2025-03-03 16:31:26 +0530] [19877] [ERROR] Unable to start server
Traceback (most recent call last):
  File "/Users/macbookpro16/Documents/IIT/Semesters/Semester 4/CM2603 - Data Science Group Project/Project/AlgoBot/DSGP/AlgoBot/.venv/lib/python3.10/site-packages/sanic/server/runners.py", line 133, in serve
    http_server = loop.run_until_complete(server_coroutine)
  File "uvloop/loop.pyx", line 1518, in uvloop.loop.Loop.run_until_complete
  File "uvloop/loop.pyx", line 1794, in create_server
OSError: [Errno 48] error while attempting to bind on address ('0.0.0.0', 5005): address already in use
